<?xml version="1.0" encoding="UTF-8"?>
<!-- Generated by org.testng.reporters.JUnitReportReporter -->
<testsuite hostname="Aams-MacBook-Pro-2.local" name="Test.VerifyTest" tests="1" failures="0" timestamp="21 May 2016 21:47:28 GMT" time="9.286" errors="0">
  <testcase name="Verifyemail" time="9.286" classname="Test.VerifyTest"/>
</testsuite> <!-- Test.VerifyTest -->
