<?xml version="1.0" encoding="UTF-8"?>
<!-- Generated by org.testng.reporters.JUnitReportReporter -->
<testsuite hostname="Aams-MacBook-Pro-2.local" name="Test.GmailLoginTest" tests="2" failures="0" timestamp="21 May 2016 21:47:40 GMT" time="11.583" errors="0">
  <testcase name="Homepage" time="3.017" classname="Test.GmailLoginTest"/>
  <testcase name="Login" time="8.566" classname="Test.GmailLoginTest"/>
</testsuite> <!-- Test.GmailLoginTest -->
