<?xml version="1.0" encoding="UTF-8"?>
<!-- Generated by org.testng.reporters.JUnitReportReporter -->
<testsuite hostname="Aams-MacBook-Pro-2.local" name="com.kaplan.Test.Parameterize" tests="1" failures="0" timestamp="21 May 2016 20:30:39 GMT" time="3.311" errors="0">
  <testcase name="parameterization" time="3.311" classname="com.kaplan.Test.Parameterize"/>
</testsuite> <!-- com.kaplan.Test.Parameterize -->
