<?xml version="1.0" encoding="UTF-8"?>
<!-- Generated by org.testng.reporters.JUnitReportReporter -->
<testsuite hostname="Aams-MacBook-Pro-2.local" name="Test.ParameterizeTest" tests="1" failures="0" timestamp="21 May 2016 21:47:43 GMT" time="3.597" errors="0">
  <testcase name="parameterization" time="3.597" classname="Test.ParameterizeTest"/>
</testsuite> <!-- Test.ParameterizeTest -->
