<?xml version="1.0" encoding="UTF-8"?>
<!-- Generated by org.testng.reporters.JUnitReportReporter -->
<testsuite hostname="Aams-MacBook-Pro-2.local" name="com.kaplan.Test.ParameterizeTest" tests="12" failures="0" timestamp="22 May 2016 07:21:48 GMT" time="70.608" errors="0">
  <testcase name="testexel" time="6.282" classname="com.kaplan.Test.ParameterizeTest"/>
  <testcase name="testexel" time="6.081" classname="com.kaplan.Test.ParameterizeTest"/>
  <testcase name="testexel" time="5.677" classname="com.kaplan.Test.ParameterizeTest"/>
  <testcase name="testexel" time="5.753" classname="com.kaplan.Test.ParameterizeTest"/>
  <testcase name="testexel" time="5.744" classname="com.kaplan.Test.ParameterizeTest"/>
  <testcase name="testexel" time="5.621" classname="com.kaplan.Test.ParameterizeTest"/>
  <testcase name="testarray" time="5.686" classname="com.kaplan.Test.ParameterizeTest"/>
  <testcase name="testarray" time="6.012" classname="com.kaplan.Test.ParameterizeTest"/>
  <testcase name="testexel" time="5.839" classname="com.kaplan.Test.ParameterizeTest"/>
  <testcase name="testexel" time="6.173" classname="com.kaplan.Test.ParameterizeTest"/>
  <testcase name="testexel" time="5.831" classname="com.kaplan.Test.ParameterizeTest"/>
  <testcase name="testarray" time="5.909" classname="com.kaplan.Test.ParameterizeTest"/>
</testsuite> <!-- com.kaplan.Test.ParameterizeTest -->
