<?xml version="1.0" encoding="UTF-8"?>
<!-- Generated by org.testng.reporters.JUnitReportReporter -->
<testsuite hostname="Aams-MacBook-Pro-2.local" name="com.kaplan.Test.GmailLogin" tests="2" failures="0" timestamp="21 May 2016 20:24:25 GMT" time="12.744" errors="0">
  <testcase name="Login" time="8.118" classname="com.kaplan.Test.GmailLogin"/>
  <testcase name="Homepage" time="4.626" classname="com.kaplan.Test.GmailLogin"/>
</testsuite> <!-- com.kaplan.Test.GmailLogin -->
