<?xml version="1.0" encoding="UTF-8"?>
<!-- Generated by org.testng.reporters.JUnitReportReporter -->
<testsuite hostname="Aams-MacBook-Pro-2.local" name="com.kaplan.Test.ParameterizeTest" tests="12" failures="0" timestamp="22 May 2016 17:21:27 GMT" time="115.316" errors="0">
  <testcase name="testexel" time="9.350" classname="com.kaplan.Test.ParameterizeTest"/>
  <testcase name="testexel" time="10.112" classname="com.kaplan.Test.ParameterizeTest"/>
  <testcase name="testarray" time="10.925" classname="com.kaplan.Test.ParameterizeTest"/>
  <testcase name="testexel" time="9.527" classname="com.kaplan.Test.ParameterizeTest"/>
  <testcase name="testarray" time="8.214" classname="com.kaplan.Test.ParameterizeTest"/>
  <testcase name="testarray" time="9.590" classname="com.kaplan.Test.ParameterizeTest"/>
  <testcase name="testexel" time="9.455" classname="com.kaplan.Test.ParameterizeTest"/>
  <testcase name="testexel" time="9.766" classname="com.kaplan.Test.ParameterizeTest"/>
  <testcase name="testexel" time="9.600" classname="com.kaplan.Test.ParameterizeTest"/>
  <testcase name="testexel" time="10.765" classname="com.kaplan.Test.ParameterizeTest"/>
  <testcase name="testexel" time="9.214" classname="com.kaplan.Test.ParameterizeTest"/>
  <testcase name="testexel" time="8.798" classname="com.kaplan.Test.ParameterizeTest"/>
</testsuite> <!-- com.kaplan.Test.ParameterizeTest -->
