<?xml version="1.0" encoding="UTF-8"?>
<!-- Generated by org.testng.reporters.JUnitReportReporter -->
<testsuite hostname="Aams-MacBook-Pro-2.local" name="com.kaplan.Test.VerifyTest" tests="1" failures="0" timestamp="22 May 2016 07:20:27 GMT" time="9.251" errors="0">
  <testcase name="Verifyemail" time="9.251" classname="com.kaplan.Test.VerifyTest"/>
</testsuite> <!-- com.kaplan.Test.VerifyTest -->
