<?xml version="1.0" encoding="UTF-8"?>
<!-- Generated by org.testng.reporters.JUnitReportReporter -->
<testsuite hostname="Aams-MacBook-Pro-2.local" name="com.kaplan.Test.GmailLoginTest" tests="2" failures="0" timestamp="23 May 2016 01:38:16 GMT" time="15.659" errors="0">
  <testcase name="Homepage" time="3.141" classname="com.kaplan.Test.GmailLoginTest"/>
  <testcase name="Login" time="12.518" classname="com.kaplan.Test.GmailLoginTest"/>
</testsuite> <!-- com.kaplan.Test.GmailLoginTest -->
