<?xml version="1.0" encoding="UTF-8"?>
<!-- Generated by org.testng.reporters.JUnitReportReporter -->
<testsuite hostname="Aams-MacBook-Pro-2.local" name="com.kaplan.Test.GmailLoginTest" tests="2" failures="0" timestamp="22 May 2016 07:20:37 GMT" time="10.584" errors="0">
  <testcase name="Homepage" time="2.948" classname="com.kaplan.Test.GmailLoginTest"/>
  <testcase name="Login" time="7.636" classname="com.kaplan.Test.GmailLoginTest"/>
</testsuite> <!-- com.kaplan.Test.GmailLoginTest -->
