<?xml version="1.0" encoding="UTF-8"?>
<!-- Generated by org.testng.reporters.JUnitReportReporter -->
<testsuite hostname="Aams-MacBook-Pro-2.local" name="com.kaplan.Test.ParameterizeTest" tests="12" failures="0" timestamp="22 May 2016 16:45:08 GMT" time="71.680" errors="0">
  <testcase name="testarray" time="6.285" classname="com.kaplan.Test.ParameterizeTest"/>
  <testcase name="testexel" time="5.848" classname="com.kaplan.Test.ParameterizeTest"/>
  <testcase name="testexel" time="6.043" classname="com.kaplan.Test.ParameterizeTest"/>
  <testcase name="testexel" time="6.046" classname="com.kaplan.Test.ParameterizeTest"/>
  <testcase name="testexel" time="5.773" classname="com.kaplan.Test.ParameterizeTest"/>
  <testcase name="testexel" time="6.063" classname="com.kaplan.Test.ParameterizeTest"/>
  <testcase name="testexel" time="6.160" classname="com.kaplan.Test.ParameterizeTest"/>
  <testcase name="testexel" time="5.653" classname="com.kaplan.Test.ParameterizeTest"/>
  <testcase name="testexel" time="6.377" classname="com.kaplan.Test.ParameterizeTest"/>
  <testcase name="testarray" time="5.907" classname="com.kaplan.Test.ParameterizeTest"/>
  <testcase name="testarray" time="5.889" classname="com.kaplan.Test.ParameterizeTest"/>
  <testcase name="testexel" time="5.636" classname="com.kaplan.Test.ParameterizeTest"/>
</testsuite> <!-- com.kaplan.Test.ParameterizeTest -->
