<?xml version="1.0" encoding="UTF-8"?>
<!-- Generated by org.testng.reporters.JUnitReportReporter -->
<testsuite hostname="Aams-MacBook-Pro-2.local" name="com.kaplan.Test.ParameterizeTest" tests="3" failures="0" timestamp="22 May 2016 18:23:29 GMT" time="17.922" errors="0">
  <testcase name="testexel" time="6.176" classname="com.kaplan.Test.ParameterizeTest"/>
  <testcase name="testarray" time="6.002" classname="com.kaplan.Test.ParameterizeTest"/>
  <testcase name="testarray" time="5.744" classname="com.kaplan.Test.ParameterizeTest"/>
</testsuite> <!-- com.kaplan.Test.ParameterizeTest -->
