<?xml version="1.0" encoding="UTF-8"?>
<!-- Generated by org.testng.reporters.JUnitReportReporter -->
<testsuite hostname="Aams-MacBook-Pro-2.local" name="com.kaplan.Test.GmailLoginTest" tests="2" failures="0" timestamp="22 May 2016 17:33:03 GMT" time="14.068" errors="0">
  <testcase name="Homepage" time="4.474" classname="com.kaplan.Test.GmailLoginTest"/>
  <testcase name="Login" time="9.594" classname="com.kaplan.Test.GmailLoginTest"/>
</testsuite> <!-- com.kaplan.Test.GmailLoginTest -->
