<?xml version="1.0" encoding="UTF-8"?>
<!-- Generated by org.testng.reporters.JUnitReportReporter -->
<testsuite hostname="Aams-MacBook-Pro-2.local" name="com.kaplan.Test.ParameterizeTest" tests="3" failures="0" timestamp="23 May 2016 01:38:43 GMT" time="27.434" errors="0">
  <testcase name="testexel" time="7.640" classname="com.kaplan.Test.ParameterizeTest"/>
  <testcase name="testarray" time="11.044" classname="com.kaplan.Test.ParameterizeTest"/>
  <testcase name="testarray" time="8.750" classname="com.kaplan.Test.ParameterizeTest"/>
</testsuite> <!-- com.kaplan.Test.ParameterizeTest -->
