<?xml version="1.0" encoding="UTF-8"?>
<!-- Generated by org.testng.reporters.JUnitReportReporter -->
<testsuite hostname="Aams-MacBook-Pro-2.local" name="com.kaplan.Test.VerifyTest" tests="1" failures="0" timestamp="12 Jun 2016 17:59:22 GMT" time="12.386" errors="0">
  <testcase name="Verifyemail" time="12.386" classname="com.kaplan.Test.VerifyTest"/>
</testsuite> <!-- com.kaplan.Test.VerifyTest -->
