<?xml version="1.0" encoding="UTF-8"?>
<!-- Generated by org.testng.reporters.JUnitReportReporter -->
<testsuite hostname="Aams-MacBook-Pro-2.local" name="com.kaplan.Test.ParameterizeTest" tests="3" failures="0" timestamp="22 May 2016 21:55:11 GMT" time="25.616" errors="0">
  <testcase name="testarray" time="8.226" classname="com.kaplan.Test.ParameterizeTest"/>
  <testcase name="testarray" time="9.859" classname="com.kaplan.Test.ParameterizeTest"/>
  <testcase name="testexel" time="7.531" classname="com.kaplan.Test.ParameterizeTest"/>
</testsuite> <!-- com.kaplan.Test.ParameterizeTest -->
