<?xml version="1.0" encoding="UTF-8"?>
<!-- Generated by org.testng.reporters.JUnitReportReporter -->
<testsuite hostname="Aams-MacBook-Pro-2.local" name="com.kaplan.Test.GmailLoginTest" tests="2" failures="0" timestamp="22 May 2016 18:22:21 GMT" time="11.475" errors="0">
  <testcase name="Homepage" time="3.604" classname="com.kaplan.Test.GmailLoginTest"/>
  <testcase name="Login" time="7.871" classname="com.kaplan.Test.GmailLoginTest"/>
</testsuite> <!-- com.kaplan.Test.GmailLoginTest -->
