<?xml version="1.0" encoding="UTF-8"?>
<!-- Generated by org.testng.reporters.JUnitReportReporter -->
<testsuite hostname="Aams-MacBook-Pro-2.local" name="com.kaplan.Test.GmailLoginTest" tests="2" failures="0" timestamp="22 May 2016 21:55:11 GMT" time="16.179" errors="0">
  <testcase name="Homepage" time="3.311" classname="com.kaplan.Test.GmailLoginTest"/>
  <testcase name="Login" time="12.868" classname="com.kaplan.Test.GmailLoginTest"/>
</testsuite> <!-- com.kaplan.Test.GmailLoginTest -->
