<?xml version="1.0" encoding="UTF-8"?>
<!-- Generated by org.testng.reporters.JUnitReportReporter -->
<testsuite hostname="Aams-MacBook-Pro-2.local" name="com.kaplan.Test.Verify" tests="1" failures="0" timestamp="21 May 2016 20:31:24 GMT" time="7.890" errors="0">
  <testcase name="Verifyemail" time="7.890" classname="com.kaplan.Test.Verify"/>
</testsuite> <!-- com.kaplan.Test.Verify -->
